  ▲ Next.js 14.2.28
  - Local:        http://localhost:3000
  - Environments: .env
  - Experiments (use with caution):
    · outputFileTracingRoot

 ✓ Starting...
 ✓ Ready in 1411ms
 ○ Compiling / ...
 ✓ Compiled / in 2.6s (823 modules)
 GET / 307 in 2986ms
 ✓ Compiled in 417ms (287 modules)
 ✓ Compiled /api/auth/[...nextauth] in 166ms (519 modules)
 GET /api/auth/providers 200 in 483ms
 GET / 307 in 69ms
 ✓ Compiled /login in 331ms (845 modules)
 GET /login 200 in 410ms
 GET /api/auth/session 200 in 35ms
 GET /api/auth/session 200 in 7ms
 GET /api/auth/csrf 200 in 21ms
 ✓ Compiled /api/signup in 138ms (572 modules)
 POST /api/signup 201 in 372ms
 GET / 307 in 55ms
 GET /login 200 in 23ms
 GET /api/auth/signin 302 in 22ms
 GET /login?callbackUrl=http://localhost:3000 200 in 18ms
 GET /api/auth/csrf 200 in 7ms
 POST /api/auth/callback/credentials 302 in 85ms
 ✓ Compiled /_not-found in 126ms (874 modules)
 GET /dashboard 404 in 161ms
 GET / 307 in 40ms
 ✓ Compiled /middleware in 325ms (174 modules)
 ○ Compiling /admin ...
 ✓ Compiled /admin in 725ms (1079 modules)
 GET /admin 200 in 827ms
 ✓ Compiled /api/students in 172ms (680 modules)
 GET /api/auth/session 200 in 327ms
 GET /api/students 200 in 368ms
 GET /api/auth/session 200 in 35ms
 GET /api/students 200 in 25ms
 ○ Compiling /admin/cycle-decisions ...
 ✓ Compiled /admin/cycle-decisions in 792ms (1138 modules)
 GET /admin 200 in 949ms
 GET /admin/programs 200 in 961ms
 GET /admin/instances 200 in 962ms
 GET /admin/axes 200 in 956ms
 GET /admin/cycle-decisions 200 in 950ms
 GET /admin/learning-cycles 200 in 957ms
 ○ Compiling /admin/beta-operations ...
 ✓ Compiled /admin/beta-operations in 908ms (1191 modules)
 GET /api/students 200 in 115ms
 GET /admin/skill-states 200 in 1053ms
 GET /admin/study-loads 200 in 1054ms
 GET /admin/skills 200 in 1076ms
 GET /admin/cycle-evaluations 200 in 1055ms
 GET /admin/beta-operations 200 in 1073ms
 GET /api/auth/session 200 in 73ms
 GET /api/students 200 in 53ms
 GET /api/auth/session 200 in 53ms
 ✓ Compiled /api/programs in 375ms (752 modules)
 ✓ Compiled /api/axes in 0ms (752 modules)
 GET /api/auth/session 200 in 686ms
 ✓ Compiled /api/cycle-decisions in 0ms (756 modules)
 ✓ Compiled in 0ms (758 modules)
 GET /api/programs 200 in 1181ms
 ✓ Compiled /api/learning-cycles in 1ms (758 modules)
 GET /api/students 200 in 899ms
 ✓ Compiled in 0ms (760 modules)
 GET /api/auth/session 200 in 868ms
 GET /api/instances 200 in 1137ms
 GET /api/axes 200 in 1043ms
 ✓ Compiled in 0ms (760 modules)
 GET /api/cycle-decisions 200 in 1026ms
 ✓ Compiled in 0ms (760 modules)
 ✓ Compiled in 0ms (760 modules)
 GET /api/programs 200 in 799ms
 GET /api/learning-cycles 200 in 993ms
 ✓ Compiled in 1ms (760 modules)
 GET /api/auth/session 200 in 792ms
 GET /api/instances 200 in 799ms
 GET /api/students 200 in 802ms
 ✓ Compiled in 1ms (760 modules)
 GET /api/axes 200 in 997ms
 ✓ Compiled in 1ms (760 modules)
 GET /api/auth/session 200 in 823ms
 GET /api/programs 200 in 1060ms
 GET /api/learning-cycles 200 in 844ms
 GET /api/cycle-decisions 200 in 1073ms
 GET /api/instances 200 in 843ms
 ✓ Compiled /api/skill-states in 0ms (760 modules)
 ✓ Compiled /api/skills in 0ms (762 modules)
 ✓ Compiled in 1ms (764 modules)
 ✓ Compiled in 0ms (764 modules)
 GET /api/auth/session 200 in 799ms
 GET /api/auth/session 200 in 796ms
 GET /api/auth/session 200 in 806ms
 GET /api/auth/session 200 in 792ms
 GET /api/skill-states 200 in 1261ms
 GET /api/skills 200 in 1054ms
 ✓ Compiled in 0ms (764 modules)
 ✓ Compiled /api/cycle-evaluations in 0ms (764 modules)
 ✓ Compiled in 1ms (766 modules)
 ✓ Compiled in 0ms (766 modules)
 GET /api/instances 200 in 909ms
 GET /api/skills 200 in 865ms
 GET /api/learning-cycles 200 in 920ms
 GET /api/programs 200 in 957ms
 GET /api/cycle-evaluations 200 in 1026ms
 GET /api/auth/session 200 in 984ms
 ✓ Compiled /api/study-loads in 1ms (766 modules)
 ✓ Compiled /admin/programs/[id] in 1ms (768 modules)
 ✓ Compiled in 430ms (1222 modules)
 GET /admin/programs/cmohg4lfk0003t9ir154mwk9t 200 in 1133ms
 GET /admin/programs/cmohg4lfe0001t9ir1rfkokoi 200 in 1132ms
 GET /admin/programs/cmohg4lfi0002t9ir70013o5k 200 in 1133ms
 GET /api/students 200 in 68ms
 ✓ Compiled /api/programs/[id] in 239ms (778 modules)
 GET /api/auth/session 200 in 492ms
 GET /api/students 200 in 469ms
 GET /api/auth/session 200 in 51ms
 GET /api/students 200 in 25ms
 GET /api/auth/session 200 in 23ms
 GET /api/students 200 in 27ms
 GET /api/auth/session 200 in 21ms
 GET /api/students 200 in 29ms
 GET /api/auth/session 200 in 18ms
 GET /api/students 200 in 20ms
 GET /api/auth/session 200 in 14ms
 GET /api/auth/session 200 in 10ms
 GET /api/auth/session 200 in 8ms
 GET /api/programs/cmohg4lfk0003t9ir154mwk9t 200 in 794ms
 GET /api/programs/cmohg4lfi0002t9ir70013o5k 200 in 766ms
 GET /api/programs/cmohg4lfe0001t9ir1rfkokoi 200 in 802ms
 GET /api/programs/cmohg4lfk0003t9ir154mwk9t 200 in 35ms
 GET /api/programs/cmohg4lfi0002t9ir70013o5k 200 in 35ms
 GET /api/programs/cmohg4lfe0001t9ir1rfkokoi 200 in 36ms
[?25h
