[main 0d08339] PRE-FL-DEPLOY retry clean deploy
 34 files changed, 239 insertions(+), 1 deletion(-)
 create mode 100644 .logs/20260429-222704-a30b48d1097c4baca9f2af2a5c89f89f.retcode
 create mode 100644 .logs/20260429-223350-373a646e043a462691800834c5d24cd7.retcode
 create mode 100644 .logs/20260429-224105-221d831c2d9b46a0a67b1cfafa2f7b73.err
 create mode 100644 .logs/20260429-224105-221d831c2d9b46a0a67b1cfafa2f7b73.out
 create mode 100644 .logs/20260429-224105-221d831c2d9b46a0a67b1cfafa2f7b73.retcode
 create mode 100644 .logs/20260429-224105-616bff94e602449bb8e92d652a34672c.err
 create mode 100644 .logs/20260429-224105-616bff94e602449bb8e92d652a34672c.out
 create mode 100644 .logs/20260429-224105-616bff94e602449bb8e92d652a34672c.retcode
 create mode 100644 .logs/20260429-224105-fd93afb4e5c246d6b4179e39d731ec86.err
 create mode 100644 .logs/20260429-224105-fd93afb4e5c246d6b4179e39d731ec86.out
 create mode 100644 .logs/20260429-224105-fd93afb4e5c246d6b4179e39d731ec86.retcode
 create mode 100644 .logs/20260429-224113-38e38fb4adff4795bf76349068a40e30.err
 create mode 100644 .logs/20260429-224113-38e38fb4adff4795bf76349068a40e30.out
 create mode 100644 .logs/20260429-224114-70cbb41e966d4f4b8e716f2fe6574a04.err
 create mode 100644 .logs/20260429-224114-70cbb41e966d4f4b8e716f2fe6574a04.out
 create mode 100644 .logs/20260429-224114-70cbb41e966d4f4b8e716f2fe6574a04.retcode
 create mode 100644 .logs/20260429-224114-b2b00504b9d14ddfa72405e6e97d29ac.err
 create mode 100644 .logs/20260429-224114-b2b00504b9d14ddfa72405e6e97d29ac.out
 create mode 100644 .logs/20260429-224114-b2b00504b9d14ddfa72405e6e97d29ac.retcode
 create mode 100644 .logs/20260429-224149-228045ae7bae472b8d0216c7d6b6b32c.err
 create mode 100644 .logs/20260429-224149-228045ae7bae472b8d0216c7d6b6b32c.out
 create mode 100644 .logs/20260429-224149-228045ae7bae472b8d0216c7d6b6b32c.retcode
 create mode 100644 .logs/20260429-224156-8a949abf54984bd9a4f37455d17ae1eb.err
 create mode 100644 .logs/20260429-224156-8a949abf54984bd9a4f37455d17ae1eb.out
 create mode 100644 .logs/20260429-224156-8a949abf54984bd9a4f37455d17ae1eb.retcode
 create mode 100644 .logs/20260429-224201-517361352a324596902253fcf8fed51c.err
 create mode 100644 .logs/20260429-224201-517361352a324596902253fcf8fed51c.out
 create mode 100644 .logs/20260429-224201-517361352a324596902253fcf8fed51c.retcode
 create mode 100644 .logs/20260429-224458-578e3a1a8bd1404f9386fe86525dd938.err
 create mode 100644 .logs/20260429-224458-578e3a1a8bd1404f9386fe86525dd938.out
###0d08339586ba47737c5b33bc616a6e841a4a9a44###
