  ▲ Next.js 14.2.28
  - Local:        http://localhost:3000
  - Environments: .env
  - Experiments (use with caution):
    · outputFileTracingRoot

 ✓ Starting...
 ✓ Ready in 1047ms
 ○ Compiling / ...
 ✓ Compiled / in 2.1s (823 modules)
 GET / 307 in 2292ms
 ✓ Compiled in 298ms (287 modules)
 ✓ Compiled /api/auth/[...nextauth] in 191ms (519 modules)
 GET /api/auth/providers 200 in 473ms
 GET / 307 in 62ms
 ✓ Compiled /login in 318ms (845 modules)
 GET /login 200 in 399ms
 GET /api/auth/session 200 in 22ms
 GET /api/auth/session 200 in 6ms
 GET /api/auth/csrf 200 in 18ms
 ✓ Compiled /api/signup in 148ms (572 modules)
 POST /api/signup 201 in 337ms
 GET / 307 in 60ms
 GET /login 200 in 25ms
 GET /api/auth/signin 302 in 22ms
 GET /login?callbackUrl=http://localhost:3000 200 in 20ms
 GET /api/auth/csrf 200 in 6ms
 POST /api/auth/callback/credentials 302 in 76ms
 ✓ Compiled /_not-found in 108ms (874 modules)
 GET /dashboard 404 in 139ms
 GET / 307 in 33ms
 ✓ Compiled /middleware in 131ms (174 modules)
 ○ Compiling /admin ...
 ✓ Compiled /admin in 741ms (1079 modules)
 GET /admin 200 in 841ms
 ✓ Compiled /api/students in 105ms (680 modules)
 GET /api/auth/session 200 in 222ms
 GET /api/students 200 in 248ms
 GET /api/auth/session 200 in 22ms
 GET /api/students 200 in 13ms
 GET /admin 200 in 78ms
 ○ Compiling /admin/learning-cycles ...
 ✓ Compiled /admin/learning-cycles in 749ms (1147 modules)
 GET /admin/instances 200 in 889ms
 GET /admin/axes 200 in 891ms
 GET /admin/skills 200 in 890ms
 GET /admin/learning-cycles 200 in 815ms
 GET /admin/skill-states 200 in 882ms
 GET /admin/programs 200 in 906ms
 ○ Compiling /admin/beta-operations ...
 ✓ Compiled /api/programs in 869ms (1195 modules)
 GET /api/skills 200 in 469ms
 GET /api/programs 200 in 436ms
 GET /admin/cycle-decisions 200 in 1154ms
 GET /admin/study-loads 200 in 1154ms
 GET /admin/cycle-evaluations 200 in 1156ms
 GET /admin/beta-operations 200 in 1164ms
 ✓ Compiled /api/axes in 195ms (756 modules)
 GET /api/auth/session 200 in 410ms
 GET /api/axes 200 in 454ms
 GET /api/skills 200 in 395ms
 GET /api/programs 200 in 384ms
 GET /api/auth/session 200 in 29ms
 GET /api/axes 200 in 23ms
 GET /api/students 200 in 74ms
 GET /api/auth/session 200 in 36ms
 GET /api/students 200 in 40ms
 GET /api/auth/session 200 in 77ms
 GET /api/axes 200 in 223ms
 GET /api/programs 200 in 219ms
 ✓ Compiled /api/learning-cycles in 256ms (758 modules)
 ✓ Compiled (762 modules)
 GET /api/auth/session 200 in 620ms
 GET /api/skills 200 in 600ms
 GET /api/students 200 in 506ms
 GET /api/instances 200 in 647ms
 GET /api/skill-states 200 in 664ms
 GET /api/learning-cycles 200 in 501ms
 ✓ Compiled /api/cycle-evaluations in 199ms (764 modules)
 ✓ Compiled (768 modules)
 GET /api/auth/session 200 in 461ms
 GET /api/programs 200 in 479ms
 GET /api/study-loads 200 in 507ms
 GET /api/axes 200 in 481ms
 GET /api/cycle-decisions 200 in 509ms
 GET /api/cycle-evaluations 200 in 483ms
 GET /api/skills 200 in 43ms
 GET /api/students 200 in 47ms
 GET /api/instances 200 in 48ms
 GET /api/learning-cycles 200 in 47ms
 GET /api/skill-states 200 in 49ms
 GET /api/auth/session 200 in 48ms
 GET /api/programs 200 in 54ms
 GET /api/study-loads 200 in 53ms
 GET /api/cycle-decisions 200 in 54ms
 GET /api/cycle-evaluations 200 in 55ms
 GET /api/instances 200 in 57ms
 GET /api/learning-cycles 200 in 58ms
 GET /api/programs 200 in 38ms
 GET /api/auth/session 200 in 38ms
 GET /api/instances 200 in 52ms
 GET /api/learning-cycles 200 in 50ms
 GET /api/programs 200 in 49ms
 GET /api/auth/session 200 in 40ms
 GET /api/instances 200 in 40ms
 GET /api/learning-cycles 200 in 41ms
 GET /api/programs 200 in 51ms
 GET /api/auth/session 200 in 49ms
 GET /api/instances 200 in 64ms
 GET /api/learning-cycles 200 in 65ms
 GET /api/auth/session 200 in 19ms
 GET /api/instances 200 in 28ms
 GET /api/learning-cycles 200 in 28ms
 GET /api/auth/session 200 in 21ms
 GET /api/instances 200 in 24ms
 GET /api/learning-cycles 200 in 23ms
 GET /api/auth/session 200 in 21ms
 GET /api/instances 200 in 27ms
 GET /api/auth/session 200 in 23ms
 GET /api/instances 200 in 17ms
 GET /api/auth/session 200 in 14ms
 GET /api/instances 200 in 17ms
 GET /api/auth/session 200 in 17ms
 GET /api/instances 200 in 16ms
 GET /api/auth/session 200 in 12ms
 GET /api/auth/session 200 in 11ms
 GET /api/auth/session 200 in 17ms
 GET /api/auth/session 200 in 11ms
 GET /api/auth/session 200 in 25ms
 GET /api/auth/session 200 in 12ms
 GET /api/auth/session 200 in 12ms
 GET /api/auth/session 200 in 9ms
 GET /api/auth/session 200 in 15ms
 GET /api/auth/session 200 in 10ms
 GET /api/auth/session 200 in 11ms
 GET /api/auth/session 200 in 11ms
 GET /api/auth/session 200 in 23ms
 GET /api/auth/session 200 in 20ms
 GET /api/auth/session 200 in 17ms
 GET /api/auth/session 200 in 17ms
 GET /api/auth/session 200 in 40ms
 GET /api/auth/session 200 in 30ms
 GET /api/auth/session 200 in 16ms
 GET /api/auth/session 200 in 69ms
 GET /api/auth/session 200 in 14ms
 GET /api/auth/session 200 in 156ms
 GET /api/auth/session 200 in 23ms
 GET /api/auth/session 200 in 54ms
 GET /api/auth/session 200 in 24ms
[?25h
