[main 798bf03] 5bacad1b-6033-49fb-a992-f353390e2578
 93 files changed, 962 insertions(+), 1 deletion(-)
 create mode 100644 .logs/20260429-220022-a019fb2871ba4174b897bb819cf59a89.retcode
 create mode 100644 .logs/20260429-221411-a893d661e1f7443d9d2bf2ac5bb09ab6-prod-build.err
 create mode 100644 .logs/20260429-221411-a893d661e1f7443d9d2bf2ac5bb09ab6-prod-build.out
 create mode 100644 .logs/20260429-221412-4fef1fead8fa4bd19f0ee08cb15a72f4.err
 create mode 100644 .logs/20260429-221412-4fef1fead8fa4bd19f0ee08cb15a72f4.out
 create mode 100644 .logs/20260429-221412-4fef1fead8fa4bd19f0ee08cb15a72f4.retcode
 create mode 100644 .logs/20260429-221902-8f92455d60d64cf58a0ba7a32538810e.err
 create mode 100644 .logs/20260429-221902-8f92455d60d64cf58a0ba7a32538810e.out
 create mode 100644 .logs/20260429-221902-8f92455d60d64cf58a0ba7a32538810e.retcode
 create mode 100644 .logs/20260429-222648-37d714948c49463094b716e0ad9fd053.err
 create mode 100644 .logs/20260429-222648-37d714948c49463094b716e0ad9fd053.out
 create mode 100644 .logs/20260429-222648-37d714948c49463094b716e0ad9fd053.retcode
 create mode 100644 .logs/20260429-222648-983332cf1b234ac88fe4b4b87424b6bd.err
 create mode 100644 .logs/20260429-222648-983332cf1b234ac88fe4b4b87424b6bd.out
 create mode 100644 .logs/20260429-222648-983332cf1b234ac88fe4b4b87424b6bd.retcode
 create mode 100644 .logs/20260429-222655-a5477abd68bc4ec6b61789488858f95a.err
 create mode 100644 .logs/20260429-222655-a5477abd68bc4ec6b61789488858f95a.out
 create mode 100644 .logs/20260429-222655-a5477abd68bc4ec6b61789488858f95a.retcode
 create mode 100644 .logs/20260429-222704-117c300828b149d4837e69dfa8f6e580.err
 create mode 100644 .logs/20260429-222704-117c300828b149d4837e69dfa8f6e580.out
 create mode 100644 .logs/20260429-222704-117c300828b149d4837e69dfa8f6e580.retcode
 create mode 100644 .logs/20260429-222704-a275f7c2f14245888fef122ad8080dba.err
 create mode 100644 .logs/20260429-222704-a275f7c2f14245888fef122ad8080dba.out
 create mode 100644 .logs/20260429-222704-a275f7c2f14245888fef122ad8080dba.retcode
 create mode 100644 .logs/20260429-222704-a30b48d1097c4baca9f2af2a5c89f89f.err
 create mode 100644 .logs/20260429-222704-a30b48d1097c4baca9f2af2a5c89f89f.out
 create mode 100644 .logs/20260429-222704-a30b48d1097c4baca9f2af2a5c89f89f.retcode
 create mode 100644 .logs/20260429-222740-9a4b09851a924909bb54b870f550eed0.err
 create mode 100644 .logs/20260429-222740-9a4b09851a924909bb54b870f550eed0.out
 create mode 100644 .logs/20260429-222740-9a4b09851a924909bb54b870f550eed0.retcode
 create mode 100644 .logs/20260429-222747-cc95825411b441758d9c72fe7062c1e9.err
 create mode 100644 .logs/20260429-222747-cc95825411b441758d9c72fe7062c1e9.out
 create mode 100644 .logs/20260429-222747-cc95825411b441758d9c72fe7062c1e9.retcode
 create mode 100644 .logs/20260429-222834-52f5ed51fed14d34be4073be46d48e88.err
 create mode 100644 .logs/20260429-222834-52f5ed51fed14d34be4073be46d48e88.out
 create mode 100644 .logs/20260429-222834-52f5ed51fed14d34be4073be46d48e88.retcode
 create mode 100644 .logs/20260429-223350-373a646e043a462691800834c5d24cd7.err
 create mode 100644 .logs/20260429-223350-373a646e043a462691800834c5d24cd7.out
 create mode 100644 .logs/20260429-223350-373a646e043a462691800834c5d24cd7.retcode
 create mode 100644 .logs/20260429-224105-221d831c2d9b46a0a67b1cfafa2f7b73.err
 create mode 100644 .logs/20260429-224105-221d831c2d9b46a0a67b1cfafa2f7b73.out
 create mode 100644 .logs/20260429-224105-221d831c2d9b46a0a67b1cfafa2f7b73.retcode
 create mode 100644 .logs/20260429-224105-616bff94e602449bb8e92d652a34672c.err
 create mode 100644 .logs/20260429-224105-616bff94e602449bb8e92d652a34672c.out
 create mode 100644 .logs/20260429-224105-616bff94e602449bb8e92d652a34672c.retcode
 create mode 100644 .logs/20260429-224105-fd93afb4e5c246d6b4179e39d731ec86.err
 create mode 100644 .logs/20260429-224105-fd93afb4e5c246d6b4179e39d731ec86.out
 create mode 100644 .logs/20260429-224105-fd93afb4e5c246d6b4179e39d731ec86.retcode
 create mode 100644 .logs/20260429-224113-38e38fb4adff4795bf76349068a40e30.err
 create mode 100644 .logs/20260429-224113-38e38fb4adff4795bf76349068a40e30.out
 create mode 100644 .logs/20260429-224114-70cbb41e966d4f4b8e716f2fe6574a04.err
 create mode 100644 .logs/20260429-224114-70cbb41e966d4f4b8e716f2fe6574a04.out
 create mode 100644 .logs/20260429-224114-70cbb41e966d4f4b8e716f2fe6574a04.retcode
 create mode 100644 .logs/20260429-224114-b2b00504b9d14ddfa72405e6e97d29ac.err
 create mode 100644 .logs/20260429-224114-b2b00504b9d14ddfa72405e6e97d29ac.out
 create mode 100644 .logs/20260429-224114-b2b00504b9d14ddfa72405e6e97d29ac.retcode
 create mode 100644 .logs/20260429-224149-228045ae7bae472b8d0216c7d6b6b32c.err
 create mode 100644 .logs/20260429-224149-228045ae7bae472b8d0216c7d6b6b32c.out
 create mode 100644 .logs/20260429-224149-228045ae7bae472b8d0216c7d6b6b32c.retcode
 create mode 100644 .logs/20260429-224156-8a949abf54984bd9a4f37455d17ae1eb.err
 create mode 100644 .logs/20260429-224156-8a949abf54984bd9a4f37455d17ae1eb.out
 create mode 100644 .logs/20260429-224156-8a949abf54984bd9a4f37455d17ae1eb.retcode
 create mode 100644 .logs/20260429-224201-517361352a324596902253fcf8fed51c.err
 create mode 100644 .logs/20260429-224201-517361352a324596902253fcf8fed51c.out
 create mode 100644 .logs/20260429-224201-517361352a324596902253fcf8fed51c.retcode
 create mode 100644 .logs/20260429-224458-578e3a1a8bd1404f9386fe86525dd938.err
 create mode 100644 .logs/20260429-224458-578e3a1a8bd1404f9386fe86525dd938.out
 create mode 100644 .logs/20260429-224458-578e3a1a8bd1404f9386fe86525dd938.retcode
 create mode 100644 .logs/20260429-224600-498fae50e921458faea68c6a3aeeeb9d-prod-build.err
 create mode 100644 .logs/20260429-224600-498fae50e921458faea68c6a3aeeeb9d-prod-build.out
 create mode 100644 .logs/20260429-224600-f337fd82b8684cfd94e88cfaf438b946.err
 create mode 100644 .logs/20260429-224600-f337fd82b8684cfd94e88cfaf438b946.out
 create mode 100644 .logs/20260429-230620-05956ab0ae634ade8d29041cd0f0dba1-prod-build.err
 create mode 100644 .logs/20260429-230620-05956ab0ae634ade8d29041cd0f0dba1-prod-build.out
 create mode 100644 .logs/20260429-230621-20636f5cf2be4e188a87c231c64818b6.err
 create mode 100644 .logs/20260429-230621-20636f5cf2be4e188a87c231c64818b6.out
 create mode 100644 .logs/20260429-230824-a0329bce2c3d47dda9a7482b4e15e084.err
 create mode 100644 .logs/20260429-230824-a0329bce2c3d47dda9a7482b4e15e084.out
 create mode 100644 .logs/20260429-230824-a0329bce2c3d47dda9a7482b4e15e084.retcode
 create mode 100644 .logs/20260429-232752-a1d93943cdcc4fb48b227ab06c1ab619.err
 create mode 100644 .logs/20260429-232752-a1d93943cdcc4fb48b227ab06c1ab619.out
 create mode 100644 .logs/20260429-232752-c5a67081506d4fae9df5c45254540fbc-prod-build.err
 create mode 100644 .logs/20260429-232752-c5a67081506d4fae9df5c45254540fbc-prod-build.out
 create mode 100644 .logs/20260429-233252-603d1c503d2949368583139e6631ec16.err
 create mode 100644 .logs/20260429-233252-603d1c503d2949368583139e6631ec16.out
 create mode 100644 PHASE_LOG.docx
 create mode 100644 nextjs_space/.yarn/install-state.gz
 create mode 100644 nextjs_space/docs/operations/ASSISTED_CLOSED_BETA_READINESS_FL0.docx
 create mode 100644 nextjs_space/docs/operations/ASSISTED_CLOSED_BETA_READINESS_FL0.pdf
 create mode 120000 nextjs_space/node_modules
 create mode 120000 nextjs_space/yarn.lock
###798bf0335b9427563919d62e5d0821345f5245c9###
