  ▲ Next.js 14.2.28
  - Local:        http://localhost:3000
  - Environments: .env
  - Experiments (use with caution):
    · outputFileTracingRoot

 ✓ Starting...
 ✓ Ready in 1483ms
 ○ Compiling / ...
 ✓ Compiled / in 2.4s (823 modules)
 GET / 307 in 2726ms
 ✓ Compiled in 337ms (287 modules)
 ○ Compiling /login ...
 ✓ Compiled /login in 2.3s (841 modules)
 GET /login 200 in 2369ms
 GET / 307 in 27ms
 GET /login 200 in 21ms
 ✓ Compiled /api/auth/[...nextauth] in 85ms (546 modules)
 GET /api/auth/session 200 in 350ms
 GET /api/auth/session 200 in 22ms
 GET / 307 in 59ms
 GET /login 200 in 27ms
