<w> [webpack.cache.PackFileCacheStrategy] Caching failed for pack: Error: ENOENT: no such file or directory, lstat '/home/ubuntu/tutoring_platform_mvp/nextjs_space/.next/server/app'
<w> [webpack.cache.PackFileCacheStrategy/webpack.FileSystemInfo] Resolving '../../../../../../../../../home/ubuntu/tutoring_platform_mvp/nextjs_space/.next/server/app/login/page' in /opt/hostedapp/node/root/app/node_modules/next/dist/server for build dependencies doesn't lead to expected result '/home/ubuntu/tutoring_platform_mvp/nextjs_space/.next/server/app/login/page.js', but to 'Error: Can't resolve '../../../../../../../../../home/ubuntu/tutoring_platform_mvp/nextjs_space/.next/server/app/login/page' in '/opt/hostedapp/node/root/app/node_modules/next/dist/server'' instead. Resolving dependencies are ignored for this path.
<w>  at resolve commonjs file ../../../../../../../../../home/ubuntu/tutoring_platform_mvp/nextjs_space/.next/server/app/login/page (expected /home/ubuntu/tutoring_platform_mvp/nextjs_space/.next/server/app/login/page.js)
<w>  at file dependencies /opt/hostedapp/node/root/app/node_modules/next/dist/server/require.js
<w>  at file /opt/hostedapp/node/root/app/node_modules/next/dist/server/require.js
<w>  at file dependencies /opt/hostedapp/node/root/app/node_modules/next/dist/server/load-components.js
<w>  at file /opt/hostedapp/node/root/app/node_modules/next/dist/server/load-components.js
<w>  at file dependencies /opt/hostedapp/node/root/app/node_modules/next/dist/build/utils.js
<w>  at file /opt/hostedapp/node/root/app/node_modules/next/dist/build/utils.js
<w>  at file dependencies /opt/hostedapp/node/root/app/node_modules/next/dist/build/webpack/loaders/next-route-loader/index.js
<w>  at file /opt/hostedapp/node/root/app/node_modules/next/dist/build/webpack/loaders/next-route-loader/index.js
<w>  at file dependencies /opt/hostedapp/node/root/app/node_modules/next/dist/build/entries.js
<w>  at file /opt/hostedapp/node/root/app/node_modules/next/dist/build/entries.js
<w>  at file dependencies /opt/hostedapp/node/root/app/node_modules/next/dist/build/webpack/plugins/next-types-plugin/index.js
<w>  at file /opt/hostedapp/node/root/app/node_modules/next/dist/build/webpack/plugins/next-types-plugin/index.js
<w>  at file dependencies /opt/hostedapp/node/root/app/node_modules/next/dist/build/webpack-config.js
<w>  at file /opt/hostedapp/node/root/app/node_modules/next/dist/build/webpack-config.js
<w>  at file dependencies /opt/hostedapp/node/root/app/node_modules/next/dist/build/webpack/loaders/next-swc-loader.js
<w>  at file /opt/hostedapp/node/root/app/node_modules/next/dist/build/webpack/loaders/next-swc-loader.js
<w>  at file dependencies /opt/hostedapp/node/root/app/node_modules/next/dist/compiled/loader-runner/LoaderRunner.js
<w>  at file /opt/hostedapp/node/root/app/node_modules/next/dist/compiled/loader-runner/LoaderRunner.js
<w>  at file dependencies /opt/hostedapp/node/root/app/node_modules/next/dist/compiled/webpack/bundle5.js
<w>  at file /opt/hostedapp/node/root/app/node_modules/next/dist/compiled/webpack/bundle5.js
<w>  at file dependencies /opt/hostedapp/node/root/app/node_modules/next/dist/compiled/webpack/webpack.js
<w>  at file /opt/hostedapp/node/root/app/node_modules/next/dist/compiled/webpack/webpack.js
<w>  at file dependencies /opt/hostedapp/node/root/app/node_modules/next/dist/build/webpack/plugins/define-env-plugin.js
<w>  at file /opt/hostedapp/node/root/app/node_modules/next/dist/build/webpack/plugins/define-env-plugin.js
<w>  at file dependencies /opt/hostedapp/node/root/app/node_modules/next/dist/build/swc/index.js
<w>  at file /opt/hostedapp/node/root/app/node_modules/next/dist/build/swc/index.js
<w>  at file dependencies /opt/hostedapp/node/root/app/node_modules/next/dist/build/webpack/loaders/next-barrel-loader.js
<w>  at file /opt/hostedapp/node/root/app/node_modules/next/dist/build/webpack/loaders/next-barrel-loader.js
<w>  at resolve commonjs /opt/hostedapp/node/root/app/node_modules/next/dist/build/webpack/loaders/next-barrel-loader.js
<w> [webpack.cache.PackFileCacheStrategy/webpack.FileSystemInfo] Resolving '../../../../../../../../../home/ubuntu/tutoring_platform_mvp/nextjs_space/.next/server/app/page' in /opt/hostedapp/node/root/app/node_modules/next/dist/server for build dependencies doesn't lead to expected result '/home/ubuntu/tutoring_platform_mvp/nextjs_space/.next/server/app/page.js', but to 'Error: Can't resolve '../../../../../../../../../home/ubuntu/tutoring_platform_mvp/nextjs_space/.next/server/app/page' in '/opt/hostedapp/node/root/app/node_modules/next/dist/server'' instead. Resolving dependencies are ignored for this path.
<w>  at resolve commonjs file ../../../../../../../../../home/ubuntu/tutoring_platform_mvp/nextjs_space/.next/server/app/page (expected /home/ubuntu/tutoring_platform_mvp/nextjs_space/.next/server/app/page.js)
<w>  at file dependencies /opt/hostedapp/node/root/app/node_modules/next/dist/server/require.js
<w>  at file /opt/hostedapp/node/root/app/node_modules/next/dist/server/require.js
<w>  at file dependencies /opt/hostedapp/node/root/app/node_modules/next/dist/server/load-components.js
<w>  at file /opt/hostedapp/node/root/app/node_modules/next/dist/server/load-components.js
<w>  at file dependencies /opt/hostedapp/node/root/app/node_modules/next/dist/build/utils.js
<w>  at file /opt/hostedapp/node/root/app/node_modules/next/dist/build/utils.js
<w>  at file dependencies /opt/hostedapp/node/root/app/node_modules/next/dist/build/webpack/loaders/next-route-loader/index.js
<w>  at file /opt/hostedapp/node/root/app/node_modules/next/dist/build/webpack/loaders/next-route-loader/index.js
<w>  at file dependencies /opt/hostedapp/node/root/app/node_modules/next/dist/build/entries.js
<w>  at file /opt/hostedapp/node/root/app/node_modules/next/dist/build/entries.js
<w>  at file dependencies /opt/hostedapp/node/root/app/node_modules/next/dist/build/webpack/plugins/next-types-plugin/index.js
<w>  at file /opt/hostedapp/node/root/app/node_modules/next/dist/build/webpack/plugins/next-types-plugin/index.js
<w>  at file dependencies /opt/hostedapp/node/root/app/node_modules/next/dist/build/webpack-config.js
<w>  at file /opt/hostedapp/node/root/app/node_modules/next/dist/build/webpack-config.js
<w>  at file dependencies /opt/hostedapp/node/root/app/node_modules/next/dist/build/webpack/loaders/next-swc-loader.js
<w>  at file /opt/hostedapp/node/root/app/node_modules/next/dist/build/webpack/loaders/next-swc-loader.js
<w>  at file dependencies /opt/hostedapp/node/root/app/node_modules/next/dist/compiled/loader-runner/LoaderRunner.js
<w>  at file /opt/hostedapp/node/root/app/node_modules/next/dist/compiled/loader-runner/LoaderRunner.js
<w>  at file dependencies /opt/hostedapp/node/root/app/node_modules/next/dist/compiled/webpack/bundle5.js
<w>  at file /opt/hostedapp/node/root/app/node_modules/next/dist/compiled/webpack/bundle5.js
<w>  at file dependencies /opt/hostedapp/node/root/app/node_modules/next/dist/compiled/webpack/webpack.js
<w>  at file /opt/hostedapp/node/root/app/node_modules/next/dist/compiled/webpack/webpack.js
<w>  at file dependencies /opt/hostedapp/node/root/app/node_modules/next/dist/build/webpack/plugins/define-env-plugin.js
<w>  at file /opt/hostedapp/node/root/app/node_modules/next/dist/build/webpack/plugins/define-env-plugin.js
<w>  at file dependencies /opt/hostedapp/node/root/app/node_modules/next/dist/build/swc/index.js
<w>  at file /opt/hostedapp/node/root/app/node_modules/next/dist/build/swc/index.js
<w>  at file dependencies /opt/hostedapp/node/root/app/node_modules/next/dist/build/webpack/loaders/next-barrel-loader.js
<w>  at file /opt/hostedapp/node/root/app/node_modules/next/dist/build/webpack/loaders/next-barrel-loader.js
<w>  at resolve commonjs /opt/hostedapp/node/root/app/node_modules/next/dist/build/webpack/loaders/next-barrel-loader.js
<w> [webpack.cache.PackFileCacheStrategy/webpack.FileSystemInfo] Resolving '../../../../../../../../../home/ubuntu/tutoring_platform_mvp/nextjs_space/.next/server/app/api/auth/[...nextauth]/route' in /opt/hostedapp/node/root/app/node_modules/next/dist/server for build dependencies doesn't lead to expected result '/home/ubuntu/tutoring_platform_mvp/nextjs_space/.next/server/app/api/auth/[...nextauth]/route.js', but to 'Error: Can't resolve '../../../../../../../../../home/ubuntu/tutoring_platform_mvp/nextjs_space/.next/server/app/api/auth/[...nextauth]/route' in '/opt/hostedapp/node/root/app/node_modules/next/dist/server'' instead. Resolving dependencies are ignored for this path.
<w>  at resolve commonjs file ../../../../../../../../../home/ubuntu/tutoring_platform_mvp/nextjs_space/.next/server/app/api/auth/[...nextauth]/route (expected /home/ubuntu/tutoring_platform_mvp/nextjs_space/.next/server/app/api/auth/[...nextauth]/route.js)
<w>  at file dependencies /opt/hostedapp/node/root/app/node_modules/next/dist/server/require.js
<w>  at file /opt/hostedapp/node/root/app/node_modules/next/dist/server/require.js
<w>  at file dependencies /opt/hostedapp/node/root/app/node_modules/next/dist/server/load-components.js
<w>  at file /opt/hostedapp/node/root/app/node_modules/next/dist/server/load-components.js
<w>  at file dependencies /opt/hostedapp/node/root/app/node_modules/next/dist/build/utils.js
<w>  at file /opt/hostedapp/node/root/app/node_modules/next/dist/build/utils.js
<w>  at file dependencies /opt/hostedapp/node/root/app/node_modules/next/dist/build/webpack/loaders/next-route-loader/index.js
<w>  at file /opt/hostedapp/node/root/app/node_modules/next/dist/build/webpack/loaders/next-route-loader/index.js
<w>  at file dependencies /opt/hostedapp/node/root/app/node_modules/next/dist/build/entries.js
<w>  at file /opt/hostedapp/node/root/app/node_modules/next/dist/build/entries.js
<w>  at file dependencies /opt/hostedapp/node/root/app/node_modules/next/dist/build/webpack/plugins/next-types-plugin/index.js
<w>  at file /opt/hostedapp/node/root/app/node_modules/next/dist/build/webpack/plugins/next-types-plugin/index.js
<w>  at file dependencies /opt/hostedapp/node/root/app/node_modules/next/dist/build/webpack-config.js
<w>  at file /opt/hostedapp/node/root/app/node_modules/next/dist/build/webpack-config.js
<w>  at file dependencies /opt/hostedapp/node/root/app/node_modules/next/dist/build/webpack/loaders/next-swc-loader.js
<w>  at file /opt/hostedapp/node/root/app/node_modules/next/dist/build/webpack/loaders/next-swc-loader.js
<w>  at file dependencies /opt/hostedapp/node/root/app/node_modules/next/dist/compiled/loader-runner/LoaderRunner.js
<w>  at file /opt/hostedapp/node/root/app/node_modules/next/dist/compiled/loader-runner/LoaderRunner.js
<w>  at file dependencies /opt/hostedapp/node/root/app/node_modules/next/dist/compiled/webpack/bundle5.js
<w>  at file /opt/hostedapp/node/root/app/node_modules/next/dist/compiled/webpack/bundle5.js
<w>  at file dependencies /opt/hostedapp/node/root/app/node_modules/next/dist/compiled/webpack/webpack.js
<w>  at file /opt/hostedapp/node/root/app/node_modules/next/dist/compiled/webpack/webpack.js
<w>  at file dependencies /opt/hostedapp/node/root/app/node_modules/next/dist/build/webpack/plugins/define-env-plugin.js
<w>  at file /opt/hostedapp/node/root/app/node_modules/next/dist/build/webpack/plugins/define-env-plugin.js
<w>  at file dependencies /opt/hostedapp/node/root/app/node_modules/next/dist/build/swc/index.js
<w>  at file /opt/hostedapp/node/root/app/node_modules/next/dist/build/swc/index.js
<w>  at file dependencies /opt/hostedapp/node/root/app/node_modules/next/dist/build/webpack/loaders/next-barrel-loader.js
<w>  at file /opt/hostedapp/node/root/app/node_modules/next/dist/build/webpack/loaders/next-barrel-loader.js
<w>  at resolve commonjs /opt/hostedapp/node/root/app/node_modules/next/dist/build/webpack/loaders/next-barrel-loader.js
<w> [webpack.cache.PackFileCacheStrategy] Caching failed for pack: Error: ENOENT: no such file or directory, lstat '/home/ubuntu/tutoring_platform_mvp/nextjs_space/.next/server/app'
<w> [webpack.cache.PackFileCacheStrategy/webpack.FileSystemInfo] Resolving '../../../../../../../../../home/ubuntu/tutoring_platform_mvp/nextjs_space/.next/server/app/login/page' in /opt/hostedapp/node/root/app/node_modules/next/dist/server for build dependencies doesn't lead to expected result '/home/ubuntu/tutoring_platform_mvp/nextjs_space/.next/server/app/login/page.js', but to 'Error: Can't resolve '../../../../../../../../../home/ubuntu/tutoring_platform_mvp/nextjs_space/.next/server/app/login/page' in '/opt/hostedapp/node/root/app/node_modules/next/dist/server'' instead. Resolving dependencies are ignored for this path.
<w>  at resolve commonjs file ../../../../../../../../../home/ubuntu/tutoring_platform_mvp/nextjs_space/.next/server/app/login/page (expected /home/ubuntu/tutoring_platform_mvp/nextjs_space/.next/server/app/login/page.js)
<w>  at file dependencies /opt/hostedapp/node/root/app/node_modules/next/dist/server/require.js
<w>  at file /opt/hostedapp/node/root/app/node_modules/next/dist/server/require.js
<w>  at file dependencies /opt/hostedapp/node/root/app/node_modules/next/dist/server/load-components.js
<w>  at file /opt/hostedapp/node/root/app/node_modules/next/dist/server/load-components.js
<w>  at file dependencies /opt/hostedapp/node/root/app/node_modules/next/dist/build/utils.js
<w>  at file /opt/hostedapp/node/root/app/node_modules/next/dist/build/utils.js
<w>  at file dependencies /opt/hostedapp/node/root/app/node_modules/next/dist/build/handle-externals.js
<w>  at file /opt/hostedapp/node/root/app/node_modules/next/dist/build/handle-externals.js
<w>  at file dependencies /opt/hostedapp/node/root/app/node_modules/next/dist/build/webpack/loaders/next-swc-loader.js
<w>  at file /opt/hostedapp/node/root/app/node_modules/next/dist/build/webpack/loaders/next-swc-loader.js
<w>  at file dependencies /opt/hostedapp/node/root/app/node_modules/next/dist/compiled/loader-runner/LoaderRunner.js
<w>  at file /opt/hostedapp/node/root/app/node_modules/next/dist/compiled/loader-runner/LoaderRunner.js
<w>  at file dependencies /opt/hostedapp/node/root/app/node_modules/next/dist/compiled/webpack/bundle5.js
<w>  at file /opt/hostedapp/node/root/app/node_modules/next/dist/compiled/webpack/bundle5.js
<w>  at file dependencies /opt/hostedapp/node/root/app/node_modules/next/dist/compiled/webpack/webpack.js
<w>  at file /opt/hostedapp/node/root/app/node_modules/next/dist/compiled/webpack/webpack.js
<w>  at file dependencies /opt/hostedapp/node/root/app/node_modules/next/dist/build/webpack/plugins/define-env-plugin.js
<w>  at file /opt/hostedapp/node/root/app/node_modules/next/dist/build/webpack/plugins/define-env-plugin.js
<w>  at file dependencies /opt/hostedapp/node/root/app/node_modules/next/dist/build/swc/index.js
<w>  at file /opt/hostedapp/node/root/app/node_modules/next/dist/build/swc/index.js
<w>  at file dependencies /opt/hostedapp/node/root/app/node_modules/next/dist/build/webpack/loaders/next-barrel-loader.js
<w>  at file /opt/hostedapp/node/root/app/node_modules/next/dist/build/webpack/loaders/next-barrel-loader.js
<w>  at resolve commonjs /opt/hostedapp/node/root/app/node_modules/next/dist/build/webpack/loaders/next-barrel-loader.js
<w> [webpack.cache.PackFileCacheStrategy/webpack.FileSystemInfo] Resolving '../../../../../../../../../home/ubuntu/tutoring_platform_mvp/nextjs_space/.next/server/app/page' in /opt/hostedapp/node/root/app/node_modules/next/dist/server for build dependencies doesn't lead to expected result '/home/ubuntu/tutoring_platform_mvp/nextjs_space/.next/server/app/page.js', but to 'Error: Can't resolve '../../../../../../../../../home/ubuntu/tutoring_platform_mvp/nextjs_space/.next/server/app/page' in '/opt/hostedapp/node/root/app/node_modules/next/dist/server'' instead. Resolving dependencies are ignored for this path.
<w>  at resolve commonjs file ../../../../../../../../../home/ubuntu/tutoring_platform_mvp/nextjs_space/.next/server/app/page (expected /home/ubuntu/tutoring_platform_mvp/nextjs_space/.next/server/app/page.js)
<w>  at file dependencies /opt/hostedapp/node/root/app/node_modules/next/dist/server/require.js
<w>  at file /opt/hostedapp/node/root/app/node_modules/next/dist/server/require.js
<w>  at file dependencies /opt/hostedapp/node/root/app/node_modules/next/dist/server/load-components.js
<w>  at file /opt/hostedapp/node/root/app/node_modules/next/dist/server/load-components.js
<w>  at file dependencies /opt/hostedapp/node/root/app/node_modules/next/dist/build/utils.js
<w>  at file /opt/hostedapp/node/root/app/node_modules/next/dist/build/utils.js
<w>  at file dependencies /opt/hostedapp/node/root/app/node_modules/next/dist/build/handle-externals.js
<w>  at file /opt/hostedapp/node/root/app/node_modules/next/dist/build/handle-externals.js
<w>  at file dependencies /opt/hostedapp/node/root/app/node_modules/next/dist/build/webpack/loaders/next-swc-loader.js
<w>  at file /opt/hostedapp/node/root/app/node_modules/next/dist/build/webpack/loaders/next-swc-loader.js
<w>  at file dependencies /opt/hostedapp/node/root/app/node_modules/next/dist/compiled/loader-runner/LoaderRunner.js
<w>  at file /opt/hostedapp/node/root/app/node_modules/next/dist/compiled/loader-runner/LoaderRunner.js
<w>  at file dependencies /opt/hostedapp/node/root/app/node_modules/next/dist/compiled/webpack/bundle5.js
<w>  at file /opt/hostedapp/node/root/app/node_modules/next/dist/compiled/webpack/bundle5.js
<w>  at file dependencies /opt/hostedapp/node/root/app/node_modules/next/dist/compiled/webpack/webpack.js
<w>  at file /opt/hostedapp/node/root/app/node_modules/next/dist/compiled/webpack/webpack.js
<w>  at file dependencies /opt/hostedapp/node/root/app/node_modules/next/dist/build/webpack/plugins/define-env-plugin.js
<w>  at file /opt/hostedapp/node/root/app/node_modules/next/dist/build/webpack/plugins/define-env-plugin.js
<w>  at file dependencies /opt/hostedapp/node/root/app/node_modules/next/dist/build/swc/index.js
<w>  at file /opt/hostedapp/node/root/app/node_modules/next/dist/build/swc/index.js
<w>  at file dependencies /opt/hostedapp/node/root/app/node_modules/next/dist/build/webpack/loaders/next-barrel-loader.js
<w>  at file /opt/hostedapp/node/root/app/node_modules/next/dist/build/webpack/loaders/next-barrel-loader.js
<w>  at resolve commonjs /opt/hostedapp/node/root/app/node_modules/next/dist/build/webpack/loaders/next-barrel-loader.js
<w> [webpack.cache.PackFileCacheStrategy/webpack.FileSystemInfo] Resolving '../../../../../../../../../home/ubuntu/tutoring_platform_mvp/nextjs_space/.next/server/app/api/auth/[...nextauth]/route' in /opt/hostedapp/node/root/app/node_modules/next/dist/server for build dependencies doesn't lead to expected result '/home/ubuntu/tutoring_platform_mvp/nextjs_space/.next/server/app/api/auth/[...nextauth]/route.js', but to 'Error: Can't resolve '../../../../../../../../../home/ubuntu/tutoring_platform_mvp/nextjs_space/.next/server/app/api/auth/[...nextauth]/route' in '/opt/hostedapp/node/root/app/node_modules/next/dist/server'' instead. Resolving dependencies are ignored for this path.
<w>  at resolve commonjs file ../../../../../../../../../home/ubuntu/tutoring_platform_mvp/nextjs_space/.next/server/app/api/auth/[...nextauth]/route (expected /home/ubuntu/tutoring_platform_mvp/nextjs_space/.next/server/app/api/auth/[...nextauth]/route.js)
<w>  at file dependencies /opt/hostedapp/node/root/app/node_modules/next/dist/server/require.js
<w>  at file /opt/hostedapp/node/root/app/node_modules/next/dist/server/require.js
<w>  at file dependencies /opt/hostedapp/node/root/app/node_modules/next/dist/server/load-components.js
<w>  at file /opt/hostedapp/node/root/app/node_modules/next/dist/server/load-components.js
<w>  at file dependencies /opt/hostedapp/node/root/app/node_modules/next/dist/build/utils.js
<w>  at file /opt/hostedapp/node/root/app/node_modules/next/dist/build/utils.js
<w>  at file dependencies /opt/hostedapp/node/root/app/node_modules/next/dist/build/handle-externals.js
<w>  at file /opt/hostedapp/node/root/app/node_modules/next/dist/build/handle-externals.js
<w>  at file dependencies /opt/hostedapp/node/root/app/node_modules/next/dist/build/webpack/loaders/next-swc-loader.js
<w>  at file /opt/hostedapp/node/root/app/node_modules/next/dist/build/webpack/loaders/next-swc-loader.js
<w>  at file dependencies /opt/hostedapp/node/root/app/node_modules/next/dist/compiled/loader-runner/LoaderRunner.js
<w>  at file /opt/hostedapp/node/root/app/node_modules/next/dist/compiled/loader-runner/LoaderRunner.js
<w>  at file dependencies /opt/hostedapp/node/root/app/node_modules/next/dist/compiled/webpack/bundle5.js
<w>  at file /opt/hostedapp/node/root/app/node_modules/next/dist/compiled/webpack/bundle5.js
<w>  at file dependencies /opt/hostedapp/node/root/app/node_modules/next/dist/compiled/webpack/webpack.js
<w>  at file /opt/hostedapp/node/root/app/node_modules/next/dist/compiled/webpack/webpack.js
<w>  at file dependencies /opt/hostedapp/node/root/app/node_modules/next/dist/build/webpack/plugins/define-env-plugin.js
<w>  at file /opt/hostedapp/node/root/app/node_modules/next/dist/build/webpack/plugins/define-env-plugin.js
<w>  at file dependencies /opt/hostedapp/node/root/app/node_modules/next/dist/build/swc/index.js
<w>  at file /opt/hostedapp/node/root/app/node_modules/next/dist/build/swc/index.js
<w>  at file dependencies /opt/hostedapp/node/root/app/node_modules/next/dist/build/webpack/loaders/next-barrel-loader.js
<w>  at file /opt/hostedapp/node/root/app/node_modules/next/dist/build/webpack/loaders/next-barrel-loader.js
<w>  at resolve commonjs /opt/hostedapp/node/root/app/node_modules/next/dist/build/webpack/loaders/next-barrel-loader.js
