  ▲ Next.js 14.2.28
  - Local:        http://localhost:3000
  - Environments: .env
  - Experiments (use with caution):
    · outputFileTracingRoot

 ✓ Starting...
 ✓ Ready in 1085ms
 ○ Compiling / ...
 ✓ Compiled / in 2.8s (823 modules)
 GET / 307 in 3123ms
 ✓ Compiled in 339ms (287 modules)
 ○ Compiling /login ...
 ✓ Compiled /login in 2.3s (841 modules)
 GET /login 200 in 2422ms
 GET / 307 in 27ms
 GET /login 200 in 19ms
 ✓ Compiled /api/auth/[...nextauth] in 83ms (546 modules)
 GET /api/auth/session 200 in 381ms
 GET /api/auth/session 200 in 19ms
 GET / 307 in 61ms
 GET /login 200 in 27ms
 GET / 307 in 24ms
 GET /login 200 in 19ms
 GET / 307 in 24ms
 GET /login 200 in 23ms
   Reload env: .env
 ✓ Compiled in 105ms (299 modules)
[?25h
