[main bc18d6d] PRE-FL-DEPLOY readiness deploy
 34 files changed, 273 insertions(+), 1 deletion(-)
 create mode 100644 .logs/20260429-221412-4fef1fead8fa4bd19f0ee08cb15a72f4.retcode
 create mode 100644 .logs/20260429-221902-8f92455d60d64cf58a0ba7a32538810e.retcode
 create mode 100644 .logs/20260429-222648-37d714948c49463094b716e0ad9fd053.err
 create mode 100644 .logs/20260429-222648-37d714948c49463094b716e0ad9fd053.out
 create mode 100644 .logs/20260429-222648-37d714948c49463094b716e0ad9fd053.retcode
 create mode 100644 .logs/20260429-222648-983332cf1b234ac88fe4b4b87424b6bd.err
 create mode 100644 .logs/20260429-222648-983332cf1b234ac88fe4b4b87424b6bd.out
 create mode 100644 .logs/20260429-222648-983332cf1b234ac88fe4b4b87424b6bd.retcode
 create mode 100644 .logs/20260429-222655-a5477abd68bc4ec6b61789488858f95a.err
 create mode 100644 .logs/20260429-222655-a5477abd68bc4ec6b61789488858f95a.out
 create mode 100644 .logs/20260429-222655-a5477abd68bc4ec6b61789488858f95a.retcode
 create mode 100644 .logs/20260429-222704-117c300828b149d4837e69dfa8f6e580.err
 create mode 100644 .logs/20260429-222704-117c300828b149d4837e69dfa8f6e580.out
 create mode 100644 .logs/20260429-222704-117c300828b149d4837e69dfa8f6e580.retcode
 create mode 100644 .logs/20260429-222704-a275f7c2f14245888fef122ad8080dba.err
 create mode 100644 .logs/20260429-222704-a275f7c2f14245888fef122ad8080dba.out
 create mode 100644 .logs/20260429-222704-a275f7c2f14245888fef122ad8080dba.retcode
 create mode 100644 .logs/20260429-222704-a30b48d1097c4baca9f2af2a5c89f89f.err
 create mode 100644 .logs/20260429-222704-a30b48d1097c4baca9f2af2a5c89f89f.out
 create mode 100644 .logs/20260429-222740-9a4b09851a924909bb54b870f550eed0.err
 create mode 100644 .logs/20260429-222740-9a4b09851a924909bb54b870f550eed0.out
 create mode 100644 .logs/20260429-222740-9a4b09851a924909bb54b870f550eed0.retcode
 create mode 100644 .logs/20260429-222747-cc95825411b441758d9c72fe7062c1e9.err
 create mode 100644 .logs/20260429-222747-cc95825411b441758d9c72fe7062c1e9.out
 create mode 100644 .logs/20260429-222747-cc95825411b441758d9c72fe7062c1e9.retcode
 create mode 100644 .logs/20260429-222834-52f5ed51fed14d34be4073be46d48e88.err
 create mode 100644 .logs/20260429-222834-52f5ed51fed14d34be4073be46d48e88.out
 create mode 100644 nextjs_space/.yarn/install-state.gz
 create mode 120000 nextjs_space/node_modules
 create mode 120000 nextjs_space/yarn.lock
###bc18d6dd77e80466f8d3efa1f70e0a5937741578###
