[main 02a6114] 622fcd2a-f922-4ade-835b-781fe3abde6e
 147 files changed, 2145 insertions(+), 1 deletion(-)
 create mode 100644 .logs/20260429-220022-a019fb2871ba4174b897bb819cf59a89.retcode
 create mode 100644 .logs/20260429-221411-a893d661e1f7443d9d2bf2ac5bb09ab6-prod-build.err
 create mode 100644 .logs/20260429-221411-a893d661e1f7443d9d2bf2ac5bb09ab6-prod-build.out
 create mode 100644 .logs/20260429-221412-4fef1fead8fa4bd19f0ee08cb15a72f4.err
 create mode 100644 .logs/20260429-221412-4fef1fead8fa4bd19f0ee08cb15a72f4.out
 create mode 100644 .logs/20260429-221412-4fef1fead8fa4bd19f0ee08cb15a72f4.retcode
 create mode 100644 .logs/20260429-221902-8f92455d60d64cf58a0ba7a32538810e.err
 create mode 100644 .logs/20260429-221902-8f92455d60d64cf58a0ba7a32538810e.out
 create mode 100644 .logs/20260429-221902-8f92455d60d64cf58a0ba7a32538810e.retcode
 create mode 100644 .logs/20260429-222648-37d714948c49463094b716e0ad9fd053.err
 create mode 100644 .logs/20260429-222648-37d714948c49463094b716e0ad9fd053.out
 create mode 100644 .logs/20260429-222648-37d714948c49463094b716e0ad9fd053.retcode
 create mode 100644 .logs/20260429-222648-983332cf1b234ac88fe4b4b87424b6bd.err
 create mode 100644 .logs/20260429-222648-983332cf1b234ac88fe4b4b87424b6bd.out
 create mode 100644 .logs/20260429-222648-983332cf1b234ac88fe4b4b87424b6bd.retcode
 create mode 100644 .logs/20260429-222655-a5477abd68bc4ec6b61789488858f95a.err
 create mode 100644 .logs/20260429-222655-a5477abd68bc4ec6b61789488858f95a.out
 create mode 100644 .logs/20260429-222655-a5477abd68bc4ec6b61789488858f95a.retcode
 create mode 100644 .logs/20260429-222704-117c300828b149d4837e69dfa8f6e580.err
 create mode 100644 .logs/20260429-222704-117c300828b149d4837e69dfa8f6e580.out
 create mode 100644 .logs/20260429-222704-117c300828b149d4837e69dfa8f6e580.retcode
 create mode 100644 .logs/20260429-222704-a275f7c2f14245888fef122ad8080dba.err
 create mode 100644 .logs/20260429-222704-a275f7c2f14245888fef122ad8080dba.out
 create mode 100644 .logs/20260429-222704-a275f7c2f14245888fef122ad8080dba.retcode
 create mode 100644 .logs/20260429-222704-a30b48d1097c4baca9f2af2a5c89f89f.err
 create mode 100644 .logs/20260429-222704-a30b48d1097c4baca9f2af2a5c89f89f.out
 create mode 100644 .logs/20260429-222704-a30b48d1097c4baca9f2af2a5c89f89f.retcode
 create mode 100644 .logs/20260429-222740-9a4b09851a924909bb54b870f550eed0.err
 create mode 100644 .logs/20260429-222740-9a4b09851a924909bb54b870f550eed0.out
 create mode 100644 .logs/20260429-222740-9a4b09851a924909bb54b870f550eed0.retcode
 create mode 100644 .logs/20260429-222747-cc95825411b441758d9c72fe7062c1e9.err
 create mode 100644 .logs/20260429-222747-cc95825411b441758d9c72fe7062c1e9.out
 create mode 100644 .logs/20260429-222747-cc95825411b441758d9c72fe7062c1e9.retcode
 create mode 100644 .logs/20260429-222834-52f5ed51fed14d34be4073be46d48e88.err
 create mode 100644 .logs/20260429-222834-52f5ed51fed14d34be4073be46d48e88.out
 create mode 100644 .logs/20260429-222834-52f5ed51fed14d34be4073be46d48e88.retcode
 create mode 100644 .logs/20260429-223350-373a646e043a462691800834c5d24cd7.err
 create mode 100644 .logs/20260429-223350-373a646e043a462691800834c5d24cd7.out
 create mode 100644 .logs/20260429-223350-373a646e043a462691800834c5d24cd7.retcode
 create mode 100644 .logs/20260429-224105-221d831c2d9b46a0a67b1cfafa2f7b73.err
 create mode 100644 .logs/20260429-224105-221d831c2d9b46a0a67b1cfafa2f7b73.out
 create mode 100644 .logs/20260429-224105-221d831c2d9b46a0a67b1cfafa2f7b73.retcode
 create mode 100644 .logs/20260429-224105-616bff94e602449bb8e92d652a34672c.err
 create mode 100644 .logs/20260429-224105-616bff94e602449bb8e92d652a34672c.out
 create mode 100644 .logs/20260429-224105-616bff94e602449bb8e92d652a34672c.retcode
 create mode 100644 .logs/20260429-224105-fd93afb4e5c246d6b4179e39d731ec86.err
 create mode 100644 .logs/20260429-224105-fd93afb4e5c246d6b4179e39d731ec86.out
 create mode 100644 .logs/20260429-224105-fd93afb4e5c246d6b4179e39d731ec86.retcode
 create mode 100644 .logs/20260429-224113-38e38fb4adff4795bf76349068a40e30.err
 create mode 100644 .logs/20260429-224113-38e38fb4adff4795bf76349068a40e30.out
 create mode 100644 .logs/20260429-224114-70cbb41e966d4f4b8e716f2fe6574a04.err
 create mode 100644 .logs/20260429-224114-70cbb41e966d4f4b8e716f2fe6574a04.out
 create mode 100644 .logs/20260429-224114-70cbb41e966d4f4b8e716f2fe6574a04.retcode
 create mode 100644 .logs/20260429-224114-b2b00504b9d14ddfa72405e6e97d29ac.err
 create mode 100644 .logs/20260429-224114-b2b00504b9d14ddfa72405e6e97d29ac.out
 create mode 100644 .logs/20260429-224114-b2b00504b9d14ddfa72405e6e97d29ac.retcode
 create mode 100644 .logs/20260429-224149-228045ae7bae472b8d0216c7d6b6b32c.err
 create mode 100644 .logs/20260429-224149-228045ae7bae472b8d0216c7d6b6b32c.out
 create mode 100644 .logs/20260429-224149-228045ae7bae472b8d0216c7d6b6b32c.retcode
 create mode 100644 .logs/20260429-224156-8a949abf54984bd9a4f37455d17ae1eb.err
 create mode 100644 .logs/20260429-224156-8a949abf54984bd9a4f37455d17ae1eb.out
 create mode 100644 .logs/20260429-224156-8a949abf54984bd9a4f37455d17ae1eb.retcode
 create mode 100644 .logs/20260429-224201-517361352a324596902253fcf8fed51c.err
 create mode 100644 .logs/20260429-224201-517361352a324596902253fcf8fed51c.out
 create mode 100644 .logs/20260429-224201-517361352a324596902253fcf8fed51c.retcode
 create mode 100644 .logs/20260429-224458-578e3a1a8bd1404f9386fe86525dd938.err
 create mode 100644 .logs/20260429-224458-578e3a1a8bd1404f9386fe86525dd938.out
 create mode 100644 .logs/20260429-224458-578e3a1a8bd1404f9386fe86525dd938.retcode
 create mode 100644 .logs/20260429-224600-498fae50e921458faea68c6a3aeeeb9d-prod-build.err
 create mode 100644 .logs/20260429-224600-498fae50e921458faea68c6a3aeeeb9d-prod-build.out
 create mode 100644 .logs/20260429-224600-f337fd82b8684cfd94e88cfaf438b946.err
 create mode 100644 .logs/20260429-224600-f337fd82b8684cfd94e88cfaf438b946.out
 create mode 100644 .logs/20260429-230620-05956ab0ae634ade8d29041cd0f0dba1-prod-build.err
 create mode 100644 .logs/20260429-230620-05956ab0ae634ade8d29041cd0f0dba1-prod-build.out
 create mode 100644 .logs/20260429-230621-20636f5cf2be4e188a87c231c64818b6.err
 create mode 100644 .logs/20260429-230621-20636f5cf2be4e188a87c231c64818b6.out
 create mode 100644 .logs/20260429-230824-a0329bce2c3d47dda9a7482b4e15e084.err
 create mode 100644 .logs/20260429-230824-a0329bce2c3d47dda9a7482b4e15e084.out
 create mode 100644 .logs/20260429-230824-a0329bce2c3d47dda9a7482b4e15e084.retcode
 create mode 100644 .logs/20260429-232752-a1d93943cdcc4fb48b227ab06c1ab619.err
 create mode 100644 .logs/20260429-232752-a1d93943cdcc4fb48b227ab06c1ab619.out
 create mode 100644 .logs/20260429-232752-c5a67081506d4fae9df5c45254540fbc-prod-build.err
 create mode 100644 .logs/20260429-232752-c5a67081506d4fae9df5c45254540fbc-prod-build.out
 create mode 100644 .logs/20260429-233252-603d1c503d2949368583139e6631ec16.err
 create mode 100644 .logs/20260429-233252-603d1c503d2949368583139e6631ec16.out
 create mode 100644 .logs/20260429-233252-603d1c503d2949368583139e6631ec16.retcode
 create mode 100644 .logs/20260430-133124-65514c9f1c1243079bfa61f067896bdb.err
 create mode 100644 .logs/20260430-133124-65514c9f1c1243079bfa61f067896bdb.out
 create mode 100644 .logs/20260430-133124-6bd0d35143304d50b6fdacae7f5e2cfc-prod-build.err
 create mode 100644 .logs/20260430-133124-6bd0d35143304d50b6fdacae7f5e2cfc-prod-build.out
 create mode 100644 .logs/20260430-134321-4f0a1544bad6458e9d46b1567e16511b.err
 create mode 100644 .logs/20260430-134321-4f0a1544bad6458e9d46b1567e16511b.out
 create mode 100644 .logs/20260430-134321-4f0a1544bad6458e9d46b1567e16511b.retcode
 create mode 100644 .logs/20260430-135450-792fdff260e34c46b9217259bbaa8348.err
 create mode 100644 .logs/20260430-135450-792fdff260e34c46b9217259bbaa8348.out
 create mode 100644 .logs/20260430-135450-792fdff260e34c46b9217259bbaa8348.retcode
 create mode 100644 .logs/20260430-143346-327ab0f1cdd24e98a3f13792aba47504-prod-build.err
 create mode 100644 .logs/20260430-143346-327ab0f1cdd24e98a3f13792aba47504-prod-build.out
 create mode 100644 .logs/20260430-143346-7d6872033fab48c9bbdc4e2a489873fe.err
 create mode 100644 .logs/20260430-143346-7d6872033fab48c9bbdc4e2a489873fe.out
 create mode 100644 .logs/20260430-143632-432cc9a32b2c4a22b117b0baa0cd4bbf.err
 create mode 100644 .logs/20260430-143632-432cc9a32b2c4a22b117b0baa0cd4bbf.out
 create mode 100644 .logs/20260430-143632-432cc9a32b2c4a22b117b0baa0cd4bbf.retcode
 create mode 100644 .logs/20260430-150217-784ccb8b156541e88c1b0bbb30f301b5.err
 create mode 100644 .logs/20260430-150217-784ccb8b156541e88c1b0bbb30f301b5.out
 create mode 100644 .logs/20260430-150217-ee07a5266e6c4ea0afa30ea57c53ec07-prod-build.err
 create mode 100644 .logs/20260430-150217-ee07a5266e6c4ea0afa30ea57c53ec07-prod-build.out
 create mode 100644 .logs/20260430-150333-0d9f3e52c5044636bcc0a0fdfe82b167.err
 create mode 100644 .logs/20260430-150333-0d9f3e52c5044636bcc0a0fdfe82b167.out
 create mode 100644 .logs/20260430-150333-0d9f3e52c5044636bcc0a0fdfe82b167.retcode
 create mode 100644 .logs/20260430-151943-7fa8320448d7478ebad7f537a7d7a0a2-prod-build.err
 create mode 100644 .logs/20260430-151943-7fa8320448d7478ebad7f537a7d7a0a2-prod-build.out
 create mode 100644 .logs/20260430-151943-b040ac7cf6f3444aa9a695840371f62a.err
 create mode 100644 .logs/20260430-151943-b040ac7cf6f3444aa9a695840371f62a.out
 create mode 100644 .logs/20260430-152214-3aac03eeb20b4051902787c637db3470.err
 create mode 100644 .logs/20260430-152214-3aac03eeb20b4051902787c637db3470.out
 create mode 100644 .logs/20260430-152214-3aac03eeb20b4051902787c637db3470.retcode
 create mode 100644 .logs/20260430-153017-045b06d19df14afab728b0f31b2c3471.err
 create mode 100644 .logs/20260430-153017-045b06d19df14afab728b0f31b2c3471.out
 create mode 100644 .logs/20260430-153017-045b06d19df14afab728b0f31b2c3471.retcode
 create mode 100644 .logs/20260430-160600-1904c1cd0d9d4327be700c88b0bd30ad-prod-build.err
 create mode 100644 .logs/20260430-160600-1904c1cd0d9d4327be700c88b0bd30ad-prod-build.out
 create mode 100644 .logs/20260430-160600-e034dd31f7b742949538e48f1a69f550.err
 create mode 100644 .logs/20260430-160600-e034dd31f7b742949538e48f1a69f550.out
 create mode 100644 .logs/20260430-160720-8fd6e3ec80314efebf960c29b4670c97.err
 create mode 100644 .logs/20260430-160720-8fd6e3ec80314efebf960c29b4670c97.out
 create mode 100644 .logs/20260430-160720-8fd6e3ec80314efebf960c29b4670c97.retcode
 create mode 100644 .logs/20260430-162842-07255720958f4d2899be38c1b423bc90-prod-build.err
 create mode 100644 .logs/20260430-162842-07255720958f4d2899be38c1b423bc90-prod-build.out
 create mode 100644 .logs/20260430-162843-a3a3aeef04b846b2a4e5ad0aaa63efe4.err
 create mode 100644 .logs/20260430-162843-a3a3aeef04b846b2a4e5ad0aaa63efe4.out
 create mode 100644 .logs/20260430-163133-273272038b3349ed858b40b0c7a1d6c6.err
 create mode 100644 .logs/20260430-163133-273272038b3349ed858b40b0c7a1d6c6.out
 create mode 100644 PHASE_LOG.docx
 create mode 100644 nextjs_space/.yarn/install-state.gz
 create mode 100644 nextjs_space/docs/operations/ASSISTED_CLOSED_BETA_READINESS_FL0.docx
 create mode 100644 nextjs_space/docs/operations/ASSISTED_CLOSED_BETA_READINESS_FL0.pdf
 create mode 100644 nextjs_space/docs/operations/BETA_PARTICIPANT_READINESS_FL2.docx
 create mode 100644 nextjs_space/docs/operations/BETA_PARTICIPANT_READINESS_FL2.pdf
 create mode 100644 nextjs_space/docs/operations/PAES_M1_FIRST_BETA_TASK_FL_CONTENT_1.docx
 create mode 100644 nextjs_space/docs/operations/PAES_M1_FIRST_BETA_TASK_FL_CONTENT_1.pdf
 create mode 100644 nextjs_space/docs/operations/PAES_M1_FOLLOW_UP_TASK_AND_IN_APP_REQUIREMENTS_FL_CONTENT_2.docx
 create mode 100644 nextjs_space/docs/operations/PAES_M1_FOLLOW_UP_TASK_AND_IN_APP_REQUIREMENTS_FL_CONTENT_2.pdf
 create mode 120000 nextjs_space/node_modules
 create mode 120000 nextjs_space/yarn.lock
###02a61146f4e9da14955b68f2150580c3b9644734###
