  ▲ Next.js 14.2.28
  - Local:        http://localhost:3000
  - Environments: .env
  - Experiments (use with caution):
    · outputFileTracingRoot

 ✓ Starting...
 ✓ Ready in 1522ms
 ○ Compiling / ...
 ✓ Compiled / in 1253ms (802 modules)
 GET / 307 in 1600ms
 ✓ Compiled in 329ms (287 modules)
 ✓ Compiled /login in 311ms (841 modules)
 GET /login 200 in 391ms
 GET / 307 in 49ms
 GET /login 200 in 30ms
 ✓ Compiled /api/auth/[...nextauth] in 158ms (546 modules)
 GET /api/auth/session 200 in 459ms
 GET /api/auth/session 200 in 21ms
 GET / 307 in 63ms
 GET /login 200 in 31ms
 GET / 307 in 28ms
 GET /login 200 in 23ms
 GET / 307 in 28ms
 GET /login 200 in 19ms
 GET / 307 in 25ms
 GET /login 200 in 18ms
 GET / 307 in 28ms
 GET /login 200 in 21ms
 GET / 307 in 25ms
 GET /login 200 in 21ms
 GET / 307 in 24ms
 GET /login 200 in 21ms
 GET / 307 in 22ms
 GET /login 200 in 19ms
 GET / 307 in 22ms
 GET /login 200 in 19ms
 GET / 307 in 25ms
 GET /login 200 in 17ms
 GET / 307 in 22ms
 GET /login 200 in 19ms
 GET / 307 in 31ms
 GET /login 200 in 35ms
 GET / 307 in 31ms
 GET /login 200 in 27ms
